<?xml version="1.0" encoding="UTF-8"?>
<!-- Generated by org.testng.reporters.JUnitXMLReporter -->
<testsuite hostname="AVINASH" name="ChromeTest" tests="3" failures="0" timestamp="10 Apr 2018 04:24:36 GMT" time="93.53" errors="0">
  <testcase name="LoginMethod" time="56.272" classname="testCases.LoginTest"/>
  <testcase name="LoginMethod" time="15.64" classname="testCases.LoginTest"/>
  <testcase name="LoginMethod" time="15.737" classname="testCases.LoginTest"/>
</testsuite> <!-- ChromeTest -->
