<?xml version="1.0" encoding="UTF-8"?>
<!-- Generated by org.testng.reporters.JUnitXMLReporter -->
<testsuite hostname="AVINASH" name="FirefoxTest" tests="3" failures="0" timestamp="10 Apr 2018 04:26:22 GMT" time="106.041" errors="0">
  <testcase name="LoginMethod" time="60.328" classname="testCases.LoginTest"/>
  <testcase name="LoginMethod" time="16.753" classname="testCases.LoginTest"/>
  <testcase name="LoginMethod" time="16.983" classname="testCases.LoginTest"/>
</testsuite> <!-- FirefoxTest -->
